<?xml version="1.0" encoding="UTF-8"?>
<testsuite xmlns:xsi="http://www.w3.org/2001/XMLSchema-instance" xsi:noNamespaceSchemaLocation="https://maven.apache.org/surefire/maven-surefire-plugin/xsd/surefire-test-report.xsd" name="com.nirtsruya.rsscrawler.repository.PostRepositoryTest" time="0.688" tests="1" errors="0" skipped="0" failures="0">
  <properties>
[...]
</properties>
  <testcase name="whenAddPost_shouldBeAvailableInList" classname="com.nirtsruya.rsscrawler.repository.PostRepositoryTest" time="0"/>
</testsuite>